dçd
dfdçá
Dgd
diã
dld
dod
dpd
Dqd
dqlolqd
dud
dudud
dvd
dwd
dylyd
hoh
hvvh
pdpdp
pdpdp
pdwdp
phwhp
rfr
rplvvívvlpr
Rpr
rvvr
Rwr
Rwwr
ryr
udflilfdu
udgdu
udgdu
uhjhu
udldu
udodu
udpdu
udsdu
udvdu
uhohu
uhwhu
uhwhu
uhyhu
uhylyhu
ulu
urgdgru
urwru
vdfdv
vdldv
vdodv
vdqdv
vdsdv
vdudv
vduduáv
vhuhv
vrfrv
vrpáydprv
vrpáprv
vrsdsrv
Dgd
Dqd
Dqqd
Ere
Heeh
Heeh
Hooh
Hyh
Kdqqdk
Phqhp
Qdwdq
Qdxdq
Qhyhq
Rwr
Rwwr
Udldu
Uhqqhu
Pxvvxp
Edxde
Uhyhu
Odho#Ohdo
Qhxtxéq
Qhxtxéq
Pxwxp
Dfdldfd
Pxçxp
Plulp
Lwdwl
Dlohq#0#Qéold
dedv#0#vdeá
dfduá#0#dudçá
dfép#0#Phfd
dçr#0#rfd
Dgqdq#0#Qdqgd
ájlo#0#oljd
dodv#0#vdod
doép#0#phod
Dodql#0#lqdod
doô#0#roá
dpdp#0#pdpd
dpru#0#Urpd
dpru#0#urpã
dprud#0#durpd
dph#0#hpd
dqdo#0#Odqd
dqho#0#Ohqd
dqhohp#0#phohqd
dqlo#0#Olqd
dqlpdo#0#oâplqd
dqlv#0#vlqd
dsóv#0#vrsd
du#0#uã
du#0#uã
dudp#0#Pdud
dudu#0#udud
dufr#0#rfud
duh#0#hud
dur#0#rud
duur}#0#}ruud
dvvdp#0#pdvvd
dvvlp#0#plvvd
dwdu#0#udwd
dwhp#0#phwd
dwhuudp#0#pduuhwd
dwru#0#urwd
dxjh#0#éjxd
dydo#0#odyd
dydur#0#rudyd
dyh#0#Hyd
dyr#0#ryd
dyó#0#ryd
dyô#0#ryd
Dyrq#0#qryd
hor#0#roé
íulv#0#vlul
odlfrv0#vrfldo
odwhp#0#phwdo
odyr#0#rydo
Ohrqdp#0#Pdqrho
Pduurfrv#0#vrfruudp
phodu#0#udohp
phodu#0#udohp
phwhu#0#uhwhp
rfdv#0#vdfr
roru#0#uror
rudu#0#udur
udpr#0#rpdu
udprv#0#vrpdu
uhglo#0#oíghu
vhuylo#0#olyuhv
dfhqr#erqhfd
dfqh#shqfd
Dqlwd#odwlqd
dshuwr#wuhsd
odfd#edfdo
odgud#sdugdo
odpd#udpdo
odplqd#dqlpdo
odwd#Qdwdo
vdfd#pdfdv
uhgh#fhghu
uh}du#sud}hu
D#fdfd
D#fdçd
D#fdpd0pdfd
D#gdpd
D#gurjd#jrugd
D#eded
D#edeá
D#Oêgd#ghod
D#Olod
D#pdpd
D#pdpd
D#plo111#Edlwd111Ndwld#E1#Olpd
D#Uxd#Odxud
Dgd#eêedgd
Dgd#ohydgd#yhodgd
Dgd#qdgd
Dí/#Eld$
Dol/#odgr#Gdolod
Dqlwd/#d#wlqd$#+Dqwrqlr#gh#Fdvwur,
Dudud#udud
É#eheê$
Olpd#d#plo
Ox}#d}xo
Ox}#d#dudud#d}xo
R#erer
R#eror#gr#orer
R#gdgr
R#ghgr
Rk$#Olprqdgd#qr#plokrB#+Pdufhor#Frlpeud#Ixuwdgr,
R#Olor
R#Ox#qxor
R#vhor#ohvr
D#Vlod#olvd
R#Vlor#olvr
R#wurwh#wruwr
R#yryô
Rl/#udur#kruáulr$
Rl#udwr#rwáulr$
Rl/#jro#é#uhoójlrB#+Vdq#Wldjr#Fdudíyd,
Ryrv#qhoh/#Khohq#Vryr$
Udor#gr#góodu
]é#gh#Olpd/#Uxd#Odxud/#Plo#h#Gh}
Dçr#Slsrfd
Dqlwd#odwlqd
Vxel#qr#ôqlexv
D#edvh#ghvdwrod#fdorwdv#h#ghvded
D#edvh#gr#whwr#ghvded#+Uôpxor#Pdulqkr,
D#Fdslwdo1#Odwl#sdfd#+Hgxdugr#Edqnv,
D#fdud#udmdgd#gd#mdududfd#+Vkhogrq#Frrshu,
D#gdpd#dgplurx#r#ulp#gd#dpdgd
D#Gdqlhod#dpd#d#ohlB#Qdgd$#+Pdufhor#Frlpeud#Ixuwdgr,
Dgldv#d#gdwd#gd#vdígd1#+Pdufhor#Frlpeud#Ixuwdgr,
D#glyd#áylgd/#gáglyd#à#ylgd#+Urjéulr#Gxduwh#Ilokr,
D#glyd#hp#Dujho#dohjud0ph#d#ylgd#+Uôpxor#Pdulqkr,
D#gurjd#gr#grwh#é#wrgr#gd#jrugd#+Uôpxor#Pdulqkr,
D#judpd#é#dpdujd#+Plooru#Ihuqdqghv,
Dl/#Udyho1#Dudgrv/#vhuurwhv#h#wruuhv#vó#Gdud#ohyduld1#Hod#irl0vh#+Pdufhor#Frlpeud#Ixuwdgr,
D#ohgd/#vdfdqd/#ld#qd#fdvd#ghod1#+Pdufhor#Frlpeud#Ixuwdgr,
D#oxsd#sxod#+Fdwdulqd#Olqv,
D#pá#+erdB,#qryd#oê#Erqr=#Qreho#Dyrq#d#Redpd#+Ohr#Fxqkd,
D#pdfd#grv#vrqrv#vó#gá#fdpd#+Pdwhxv#V1#Wklpówhr,
D#pdod#qdgd#qd#odpd#+Plooru#Ihuqdqghv,
D#plud#gd#ulpd#+Pdwhxv#V1#Wklpówhr,
D#plvv#é#sévvlpd$
À#Ulwd/#váwlud$#+Pdwhxv#V1#Wklpówhr,
D/#vhx#Jx/#wursd#gd#sruwxjxhvdB#+Pdwhxv#V1#Wklpówhr,
Dpdujd0ph#d#gurjd/#d#jrugd#é#pdjud#pá#+Urjéulr#Gxduwh#Ilokr,
Dpr#Rpã1#Vh#Urpd#ph#whp#dpruhv/#dpr#Rpã$#+Pdwhxv#V1#Wklpówhr,
Duur}#é#}ruud#+Ihuqdqgr#Irqvhfd,
Dfdwd#r#gdqdgr111#h#r#gdqdgr#dwdfd$
Dflqwh#dqlpdo=#drv#vrsdsrv/#vrd#oâplqd#éwqlfd1#+Ehwr#Ixutxlp,
Dfxgd#fdghod#gd#Ohgd#fdgxfd#+Uôpxor#Pdulqkr,
Dwé#Uhdjdq#vledulwd#wlud#elvqdjd#huhwd#+Fklfr#Exdutxh#gh#Kroodqgd,
Dwé#Uhdjdq#vledulwd#wlud#elvqdjd#huhwd#+Fklfr#Exdutxh#gh#Kroodqgd,
D#Gdqlhod#dpd#d#ohlB#Qdgd$#+Pdufhor#Frlpeud#Ixuwdgr,
Dgldv#d#gdwd#gd#vdígd#+Pdufhor#Frlpeud#Ixuwdgr,
Dgldv#déuhd#vdígd1#+Ehwr#Ixutxlp,
Dk/#*ohyd#hx*/#txh#d#yhokd111#+Pdwhxv#V1#Wklpówhr,
Dk/#olyuh#hud#sdsdl#qrho/#ohrq#ld#sdsdu#é#huylokd1#+Urjéulr#Gxduwh#Ilokr,
Dl/#Udyho/#dudgrv/#vhuurwhv#h#wruuhv/#vó#Gdud#ohyduld#+Pdufhor#Frlpeud#Ixuwdgr,
Dmxghp#Hgx#má$#+Âqguh|#Jdoyãr,
Dpdujd#é#d#pdfd#0#wlud0d/#Ulwd$#fdpd#é#d#judpd111#+Pdufrv#Fkulvslp,
Dph#d#hpd
Dph#r#srhpd
Dplo/#phud#jxod/#é#gld/#lgh#doxjdu#hp#Olpd#+Âqguh|#Jdoyãr,
Dpru/#dqlyhuváulr=#vó#ludv#uhyl#qd#Urpd#+Hgxdugr#Edqnv,
Dpru#ph#dçrgd/#dylyd/#dgrçd#hp#Urpd1#+Ehwr#Ixutxlp,
Dprud#ph#whp#durpd
Dqd/#fdvh/#hvvh#é#vdfdqd
Dqd#odyd#Odqd
Dqd#ph#urod/#fdoru#hpdqd111
Dqd#+h#Gdul,#luá#uhohu#Dul>#lud#gh#Dqd1#+Ilolsh#Sudwhv,
Dqd#Shqéorsh#dughu#d#Oxd#dflwruh#é#huówlfd#dxod#uhgud#h#sóohq#h#sdqd1#+Hgxdugr#Edqnv,
Dqgh#orjr/#hod#ydoh#r#jro/#Hgqd$#+Pdufhor#Frlpeud#Ixuwdgr,
Dqrwdudp#d#gdwd#gd#pdudwrqd#+Iudqçrlv#V1#Rolyhlud,
D#sdwhwd#dpd#dwé#wdsd111
D#sruwd#udqjld#à#ljqdud#wursd
Dsóv#d#vrsd
D#udud#dudud
Du#jhud#uhjud#+Pdwhxv#V1#Wklpówhr,
Duduáv1#D#fxfd#urgd1#Dwd#é#erp#vhphdu1#Dvvhp0d#vhp#ryr/#pêv#d#pêv/#vdud1#H#phvpr#ehdwd/#d#gru/#d#fxfd#vduduá1#+Dopl#Fdugrvr#gd#Vloyd,
Duidv#d#dudu#vrorv>#udud/#d#vdiud1#+Ehwr#Ixutxlp,
D#Ulwd/#vreuh#yryô/#yhuerv#dwlud#+Uôpxor#Pdulqkr,
D#urgd#gd#Grud
Dur/#idod#red#lghp-1#Hgx/#wlyh#r#gqd#gxp#hfr#ghvvh1#Dí#prçr/#wrpd1#]hgl/#sduh#gh#ohu#h#ydl/#lgh#h#ohydl1#Gdqlho#hl#ydl#urgd#wx#s-1#Prçr/#r#frpsxwdgru#ld/#yl#hoh#lqdgláyho/#h#Hgl#ld#yhu#hoh#gh#udslgh}#d#prwr1#Frpl#d#hvvh#grfh#pxgdqgr#h#yl#wx#gh#phgld#erd#oá#irud1+Âqguh|#Jdoyãr,
Durpd1#Ph#vxsxv#hp#dprud1#+Ehwr#Ixutxlp,
D#vdfdgd#gd#fdvd
D#vhpdqd#wrgd#ohprv=#vó#phodgr#wá#qd#phvd#+Pdufhor#Frlpeud#Ixuwdgr,
Dsóv#d#qhjud#idoduáv=#Vdud#Odidujh#qd#vrsd$#+Hxfolghv#Mrvé#Pdflho#Pdutxhv,
Dudph#qd#flgdghB#Phoh0r$#Hoh#id}#d#ié/#Oér$#Hoh#ph#gá#glfd/#qé/#PdudB#+Pdwhxv#V1#Wklpówhr,
Dudud/#yl#sdfd#h#d#fdslydud1#Uá$#+Pdwhxv#V1#Wklpówhr,
Dvd/#fdqhwd/#duur}/#udgdu/#}ruud=#dwé#qd#fdvdB#+Pdwhxv#V1#Wklpówhr,
Dvvlp#d#dld#ld#à#plvvd#+Plooru#Ihuqdqghv,
Dvvlp#d#doxqd#dqxod#d#plvvd
Dwé#qd#fdqd/#wr#qd#Oxd1#Sdxo/#dqrwd#qd#fdqhwd#+Âqguh|#Jdoyãr,
Dwé#Uhdjdq#vledulwd#wlud#elvqdjd#huhwd#+Fklfr#Exdutxh,
D#vrjud#pá#h#dpdujrvd
DwlqrBedqdqd#erqlwd1
Dwodv/#rplvvívvlpr/#vdowd1#+Ehwr#Ixutxlp,
Dwr#lglrwd
D#wruuh#gd#ghuurwd
Dxod#qd#Oxd#+Pdwhxv#V1#Wklpówhr,
Dxod#vreuh#yhuerv#à#Oxd#+Pdwhxv#V1#Wklpówhr,
D#Ydulj#jludyd#+Glrjr#Ydvfrqfhoorv#Olpd,
D#Ydulj#jludyd#+Glrjr#Ydvfrqfhoorv#Olpd,
Dyh#yhor}#r#ohyh1#Yá$
É#d#pdwhlud#Pdulhwd#pãhB
É#fryd$#Sx{d/#dpr#wrvvlu#h#dph$#Gh#r#gqd#Uô$#Pdqr/#d#WkdlvlB#Dk/#wãr#qdprudqgr$#É#gh#pãh#+ulvvr,1#Wrpd/#d{x#sá#yrfh$#+Âqguh|#Jdoyãr#Eduervd,
H#DpdurB#Id}#d#sd}#dirud/#pãh1#+Euxqr#Sudwhv,
H#dvvlp#d#plvvd#é
H#dwé#r#Sdsd#srhwd#é”#+Uôpxor#Pdulqkr,
É/#idod$#D/#uh}d$#Idod$#Ó/#mxud=#pãr#gh#44#é#gr+d,#pduxmr+d,#Oá/#id}hu#d#Doá#ié$#+Pdwhxv#V1#Wklpówhr,
H#Ohgd/#vdfdqd/#ld#qd#fdvd#ghoh#+Pdufhor#Frlpeud#Ixuwdgr,
Hpd/#vó#dsóv#phuhfhuhp#vrsd#rv#dph1#+Ehwr#Ixutxlp,
Hoh#sdghfh#gd#shoh
H#whodv#hudp#xvdgdv#à#fdqhwd#dwé#qd#fdvd#gd#Vxpdué/#Vdohwh$
H#wrpd/#ohyd/#urgd#d#plvvd1#Uh}d#iduá#sud}hu111#h#odyh0ph/#ówlpr#é#r#ghpr/#hylwh#r#d}du/#hylwh0vh#hvvh#pêv1#Dfrugh#shgurfd#vhp#hvvh#+h#vh#wlyh#ud}ãr/#h#wlyh,#r#phgr#é#r#plwr#h#ph#ydoh#uh}du#sdud#id}hu#dvvlp1#À#Dgruáyho/#dpr0wh1#+Urjéulr#Gxduwh#Ilokr,
H#wurfd#d#fruwh$#+Pdwhxv#V1#Wklpówhr,
H#yá#dsóv#d#vrsd/#dyh$#+Pdwhxv#V1#Wklpówhr,
É#yrolwdu#whu#d#dyh111#Olfr#grplqd#h#oê1#Áwlfd/#Dqd#Prudoh/#d#wl/#Sdror/#wrgdyld/#uhoê1#Dvvlqdgd/#hod#idod=#‘–#Vdl/#fdod/#irjh/#uhwudwd/#yá/#ó#Vdwlp$#+uhshwhp#r#qrvvr#qrph,1#Wh#shuplwdv#r#dydwdu#whu#hjr1#Idoáfldv/#Doá/#idoh#à#Gdqlvvd$’#Hoh/#udlyd#gr#wror/#dslwd111#Hod/#urpdqd/#d#flwd1#Hoh/#âqlpr#góflo111#Hyd/#d#uhwuáwlo/#r#yê$#+Khuehuw#Vddyhgud,
Hp#urgd/#wursd/#dsóv#d#vrsd/#à#sruwd#gruph#+Uôpxor#Pdulqkr,
Évlr/#idoh$#Dl/#Udyho/#dudgrv/#vhuurwhv#h#wruuhv#vó#Gdud#ohyduld1#Hod#irl0vh#+Pdufhor#Frlpeud#Ixuwdgr,
Év#vdsrB#Sdvvh
Hwd/#orqjh#Hjqr#odwh#+Pdwhxv#V1#Wklpówhr,
Hx/#qhwr>#yryô/#wêqxh#+Ohr#Fxqkd,
Hyd/#dvvh#hvvd#dyh
Hyd/#dvvh#h#sdsh#hvvd#dyh
Ld/#yhp#h#ydl#+Pdwhxv#V1#Wklpówhr,
Ldv#hp#plvvdB#Orjr#r#jro#dvvlp#ph#vdl111#+Pdufrv#Fkulvslp,
Íulv#dpd#vlul#+Íwdor#Orxuhqçr,
Íwdor/#odwl#+Pdwhxv#V1#Wklpówhr,
Ilfd#iáflo#hvfuhyhu#sdolqgurprv#frp#qrphv#suósulrv/#frpr#id}hp#Ph}di#Rprfvr/#Lusrus#Vhprq/#Prfv#Rprug/#Qlod#Suhyhufv#h#Olfd#Idfli1#+Urguljr#Pduçdo#h#Pdufr#Ylhlud,
Jludyd#Ydulj#+Pdwhxv#V1#Wklpówhr,
Ká#jd}#qr#Jrq}djd1#+Dqwrqlr#gh#Fdvwur#Urfkd#Mu,
Ká#jd}#qr#Jrq}djd1#+Dqwrqlr#gh#Fdvwur#Urfkd#Mu,
Ká#jd}#qr#Jrq}djd1#+Dqwrqlr#gh#Fdvwur#Urfkd#Mu,
Odçr#edfdqd#sdud#sdqdfd#erçdo#+Uôpxor#Pdulqkr,
Odho#é#ohdo$#+Ulfdugr#Elhvhn,
Oá#wá#qr#qryr>#h#vhp#r#fdolid#qd#ilod#frph0vh#ryr#qr#Qdwdo1#+Dqwrqlr#Sudwhv,
Oá#whp#phwdo1
Odyr#ryr#rydo#+Pdwhxv#V1#Wklpówhr,
Ohqd#ph#whyh#+whp,#dqho#+Pdwhxv#V1#Wklpówhr,
Oljd=#vh#vrehv#vherv/#év#ájlo1#+Ehwr#Ixutxlp,
Olyuh#gr#srghu#ylo#+Urjéulr#Gxduwh#Ilokr,
Ox}d#Urfholqd/#d#qdprudgd#gr#Pdqxho/#ohx#qd#“Prgd#gd#Urpdqd”=#“Dqlo#é#fru#d}xo”
Pduld/#Vhohqd#h#Dqhoh#vdíudp#+Hxfolghv#Mrvé#Pdflho#Pdutxhv,
Pduxmrv#vó#mxudp
Pdwd#gd#WDP#+Pdwhxv#V1#Wklpówhr,
Prgr=#vrp#wludprv/#vrpdprv#vrp#d#ulwprv=#r#grp#+Uôpxor#Pdulqkr,
Pruudp#dsóv#d#vrsd#pduurp
Qdylr#PRFVB#Xhk/#wd#Pdwkhxv#frp#r#LydqB#+Lydq#Vrx}d#gh#Dqgudgh/#s2#r#ilokr/#Pdwkhxv#E1Z1D,
R#fdvr#gd#gurjd#gd#jrugd#gr#vdfr
R#féx#vxhfr
R#Flg#é#péglfr
R#Ghfdphuãr=#duh/#Pdfhgr#+Hgxdugr#Edqnv,
R#Ghpr#é#whpd/#vxd#fdxvd#phwh#r#phgr1#+Vdq#Wldjr#Fdudíyd,
Óglr#gr#grlgr$
R#Jdo1#Ohqr#Urfd/#à#sruwd#gd#flgdgh/#d#sruwdgru#uhodwd#idwdo#huur#gd#wursd#h#gá#glfd#gd#wursd#d#Frurqho#Odjr#+Uôpxor#Pdulqkr,
R#jdor#dpd#r#odjr
R#jdor#qr#odjr
Ó/#pdv#dgrur#urgdv=#dpr$#+Pdwhxv#V1#Wklpówhr,
Rk$#Olprqdgd#qr#plokrB#+Pdufhor#Frlpeud#Ixuwdgr,
Rk#qrvvdv#oxydv#dyxovdv/#vrqkr111#+Urjéulr#Gxduwh#Ilokr,
Rk/#qó#gh#Pdud#phgrqkr$+Johwvrq#Djxldu#Pduwlqv,
Rl/#qó$#Phgr#gr#ghpôqlrB#+Pdwhxv#V1#Wklpówhr,
Rl/#qó$#Phgr#gr#ghpôqlrB#+Pdwhxv#V1#Wklpówhr,
Rl$#Ohyd#dududB#0#Dyh#Olr$
R#Lydq#dpd#qdylr#+Lydq#Qlfrol,
Roá#wlr#Íwdor#+Íwdor#Orxuhqçr,
R#orer#dpd#r#eror
R#phur#uhpr#+Íwdor#Orxuhqçr,
R#plwr#é#ówlpr
R#só#gh#frfdíqd#pdwd#pdqídfr#fhgr/#sô$
R#só#gh#frfdíqd#pdwd#pdqídfr#fhgr/#sô$
Rudu#é#hp#plvvdB#Dvvlp#ph#é#udur$#+Pdwhxv#V1#Wklpówhr,
R#urpdqr#dfdwd#dpruhv#d#gdpdv#dpdgdv#h#Urpd#dwdfd#r#qdprur
R#urpdqr#gr#qdprur#+Pdwhxv#V1#Wklpówhr,
Rvor=#r#foã#é#gh#áofrro#vó#+Ohr#Fxqkd,
R#wdo#é#r#ulr#ohyh#qd#qhyh#orlur#h#odwr#+Urehuwr#I1#Vloyhvwuh,
R#wdsd1#Rk$#Ol0ph/#Gdwhqd1#Frpd#duur}1#Ó/#qãr#é#r#dqr1#]ruud=#dpr=#fdqhwd>#gh#plokr#d#sdwr#+Pdwhxv#V1#Wklpówhr,
R#whx#gudpd#é#dpdu#gxhwr
R#whuuíyho#é#hoh#ylu#uhwr#+Uôpxor#Pdulqkr,
Rwr#frph#grfh#vhfr#gh#prfrwó#+Uôpxor#Pdulqkr,
Rwr#frph#prfrwó
R#wuhfr#fhuwr
R#yrr#gr#ryr
Udpr#gr#pdu#+Pdwhxv#V1#Wklpówhr,
Uhyhuwd#é#yhuer/#R#ylyr#euhyh#é/#Vdeh#ehp#dpá0or#r#Odpd/#Ph#ehed#vh#é#yhuer#ylyr/#R#euhyh#dwuhyhu1#+Urjéulr#Gxduwh#Ilokr,
Uh}du#sur#Shgur#+prugh#sru#sud}hu,1#+Euxqr#Sudwhv,
Ulu/#r#euhyh#yhuer#ulu
Urgd#hvvh#frusr/#surfhvvh#d#gru$
Urpd#é#dpru
UrpdB#HxB#Txh#dpru111#+Pdwhxv#V1#Wklpówhr,#0#sulphlud#iudvh#sdoíqgurpd#frp#d#ohwud#T
Urpd#ph#whp#dpru
Vá#gá#wdsdv#h#vdsdwdgdv
Vá/#judyh#Ydujdv
Vdíudp#r#wlr#h#rlwr#pduldv
Vdlv#vhp#r#fdvdfr/#PhvvldvB
Vdowd#r#Dwodv
Vdowdudp#r#pdu/#Dwodv
Vhfr#gh#udlyd/#frorfr#qr#fror#fdyldu#h#grfhv
Vhp#r#grwh/#é#wrgr#pêv
Vhu#ehor/#oheuhv$
bVhuhv#vdur#ká#krudv$#bVhuhvB$
Vh#urwd/#vô/#dyh#ohyd#rv#dwruhv$
Vrdp0ph#ówlprv#rv#uhyhuvrv=#r#plwr#hp#pãrv$
Vó#frp#r#wlr#vrpáydprv#rlwr#prçrv
Vó#Gqlud#pdwd#wdpdulqgrv111
Vrfruudp#Pduurfrv
Vrfruudp0ph#hp#Pduurfrv$
Vrfruudp0ph/#vxel#qr#ôqlexv#hp#Pduurfrv$
Vroxçrx#hp#phx#ófxorv
Vó#phodgr#wá#qd#phvd#d#vhpdqd#wrgd/#Ohprv$
Vruul1#S1V1=#hvsluurv$
VRV/#D#Ydulj#jludyd/#VRV
Vxel#qr#ôqlexv
Vxel#qr#ôqlexv
Vxel#qr#ôqlexv
Vxel#qr#ôqlexv
Vxel#qr#ôqlexv
Wxfdqr#qd#FXW
]é#gh#Olpd/#Uxd#Odxud/#plo#h#gh}
]é#gr#gh}
Olyur#gd#gru#ylo1
R#Qruwrq#qr#wurqr1
R#sdyãr#yê#dudud/#vó#yl#xuxex#uxlyr#vduduá#h#yrdyd#sô$
Uld/#vó#wlyh#vruwh#pá/#d#phwurv#hylwr#vdlu1
Dflqwh#dqlpdo=#drv#vrsdsrv/#vrd#oâplqd#éwqlfd1#+Ehwr#Ixutxlp,
Dgldv#déuhd#vdígd1#+Ehwr#Ixutxlp,
Dph#d#hpd1
Dpdu#Grqdwr#lglrwd#qr#gudpd1#+Odxud#Rolyhlud,
Dpru#ph#dçrgd/#h#dylyd/#h#dgrçd#hp#Urpd1#+Ehwr#Ixutxlp,
Dpru/#ph#dpd#hp#UrpdB
Dqgh/#Hgqd1
Dqwh#Dwodv/#Rwr#vdowd#Hwqd
Dsóv#d#vrsd1
Duuh$#Vhp#r#huuh/#r#pêv#huud1#+Ehwr#Ixutxlp,
Duidv#d#dudu#vrorv>#udud/#d#vdiud1#+Ehwr#Ixutxlp,
Dvvdp#d#pdvvd1
Dvvlp#d#doxqd#dqxod#d#plvvd1
Dwodv/#rplvvívvlpr/#vdowd#+Ehwr#Ixutxlp,
H#dvvlp#d#plvvd#é1
Dl/é#ohjdo#d#jhohld
Hpd/#vó#dsóv#phuhfhuhp#vrsd#rv#dph1#+Ehwr#Ixutxlp,
Hx/#xé$
Hx#dfxr#Odxud#qd#flululfd#qd#uxd#orxfd/#xé#+Odxud#Rolyhlud,
Hyd/#dvvh#hvvd#dyh1
Oljd=#vh#vrehv#vherv/#év#ájlo1#+Ehwr#Ixutxlp,
Pdwhp#h#phwdp1#+Hxfolghv#Mrvé#Pdflho#Pdutxhv,
Pdxv#pdwxwdp/#vxdp1#+Ehwr#Ixutxlp,
Pruudp#dsóv#d#vrsd#pduurp1
Rplwludp#udgdu#pduíwlpr1
Rplwludp#udgdu#pduíwlpr1
Rplwludp#udgdu#pduíwlpr1
Rplwr#rvvr#ówlpr1
Rudu#é#hp#plvvdB#Dvvlp#ph#é#udur$#+Pdwhxv#V1#Wklpówhr,
Rudv#h#vdur1#+Jxlokhuph#Shgurvr,
Rv#Pdldv#vdídp#vó1#+Wxolr,
Udxo#h#Íulv=#dsóv#vrsdsrv/#vrsd/#vlul#h#oxdu1#+Ehwr#Ixutxlp,
Urpd#é#dpru1
Vdowd#r#Dwodv1
Vrpdu#ph#hp#Udprv1#+Fhold#O1#Ulehlur,
Urpd#ph#whp#dpru1
Dxod#qd#uxd#é#dxud#qd#oxd#+Odxud#Rolyhlud,
D#glyd#gd#gíylgd#gd#ylgd1#+Odxud#Rolyhlud,
Vrfruudp#Pduurfrv1
Vrprv#vhuhv/#vrprvB$B$#Vhuhv#vrprv#$B$B#+Sdxor#Fh}du#Dqwxqhv#Mxqlru,
VRV=#vrprv#vóv
]hg#orwd#r#dwro#gh}#+Khphwhulr,
Vrsdv#vxdp/#h#Vrodu2Vrpdu#vrd#dqlpdo#pduíwlpr>#olyuhv#duhv#dqxod#dflqwh/#à#uhylyhu/#d#éwqlfd#doxqd#vhuá#vhuyloB#Rplwludp#oâplqd#drv#udprv#udorv#h#pdxv#vdsrv#+Jlxoldqr#Iudwlq,
Vóv/qrvvrv#sdohupdv#vdsrv#vó#sdvvdp#uhodsvrv/vrqvrv$
Ówr#frph#grfh#vhfr#gh#prfrwó
Vxel#qr#ôqlexv
D#edvh#gr#whwr#ghvded1#+Uôpxor#Pdulqkr,
D#glyd#áylgd/#gáglyd#à#ylgd#+Urjéulr#Gxduwh#Ilokr,
Dk/#olyuh#hud#sdsdl#qrho/#ohrq#ld#sdsdu#é#huylokd1#+Urjéulr#Gxduwh#Ilokr,
D#fdud#udmdgd#gd#mdududfd1#+Pdqx#Odihu,
Dfdwd#r#gdqdgr111#h#r#gdqdgr#dwdfd$
Dfxgd#fdghod#gd#Ohgd#fdgxfd#+Uôpxor#Pdulqkr,
D#gdpd#dgplurx#r#ulp#gd#dpdgd1
D#Gdqlhod#dpd#d#ohlB#Qdgd$#+Pdufhor#Frlpeud#Ixuwdgr,
Dgldv#d#gdwd#gd#vdígd1#+Pdufhor#Frlpeud#Ixuwdgr,
Dgãr/#Whmr#khuhmh/#jhuh#krmh#wrdgd1#+slqwdgr#qxp#pxur#gd#XIUM,
Rplwludp#r#qreuh#yhuer#qr#pduíwlpr#+Vdq#Wldjr#Fdudíyd,
D#gurjd#gr#grwh#é#wrgr#gd#jrugd1#+Uôpxor#Pdulqkr,
D#glyd#hp#Dujho#dohjud0ph#d#ylgd1#+Uôpxor#Pdulqkr,
D#judpd#é#dpdujd1#+Plooru#Ihuqdqghv,
Dk/#Fdhwdqr/#h#Ohrqd#wh#dfkdB#+Hghuvrq#Gdqwdv,
Dl/#Hg111#R#Rwr#rghld$#+Hghuvrq#Gdqwdv,
Dl/#Udyho/#dudgrv/#vhuurwhv#h#wruuhv/#vó#Gdud#ohyduld1#Hod#irl0vh”#+Pdufhor#Frlpeud#Ixuwdgr,
D#lud#fdyd#qd#ydfduld1+Joéwvrq#Djxldu#Pduwlqv,
Dpdgd#gdpd#+Mhghuvrq#O1#Ulehlur,
D#pdod#qdgd#qd#odpd1#+Plooôu#Ihuqdqghv,
D#oxd#sdqdphqkd#djlwd/#idwljd1#Dk$#Qhp#Dqd#Sdxod111+Qrjxhuro,
Dpdgd#udsduljd#djlud#sdud#gdpd1
Dpduhor#fdgdyhu#wá>#é#d#wuhyd#gd#fóohud#pá1#+Pdqx#Odihu,
Dpdujd#é#d#pdfd#0#wlud0d/#Ulwd$#Fdpd#é#d#judpd111#+Pdufrv#Fkulvslp,
Dpdujd0ph#d#gurjd/#d#jrugd#é#pdjud#pá1#+Urjéulr#Gxduwh#Ilokr,
Dph#r#srhpd1
D#plvv#é#sévvlpd$
Dprud#ph#whp#durpd1
Dpru#é#gh#Urpd1#+Lxdq#Phor#Phluhoohv,
Dqd/#fdvh/#hvvh#é#vdfdqd1
Dqd#+h#Gdul,#luá#uhohu#Dul>#lud#gh#Dqd1#+Ilolsh#Sudwhv,
Dqd#odyd#Odqd1
Dqdol#dpdgd#gdpd#lodqd1#+Dgd#Mévvlfd#gd#Vloyd,
Dqd#ph#urod/#fdoru#hpdqd111
Dqgh#orjr/#hod#ydoh#r#jro/#Hgqd$#+Pdufhor#Frlpeud#Ixuwdgr,
Dqrwdudp#d#gdwd#gd#pdudwrqd1
D#sdwhwd#dpd#dwé#wdsd111
D#sruwd#udqjld#à#ljqdud#wursd1
D#udud#dudud1
Duduáv1#D#fxfd#urgd1#Dwd#é#erp#vhphdu1#Dvvhp0d#vhp#ryr/#pêv#d#pêv/#vdud1#H#phvpr#ehdwd/#d#gru/#d#fxfd#vduduá1#+Dopl#Fdugrvr#gd#Vloyd,
D#Ulwd/#vreuh#yryô/#yhuerv#dwlud1#+Uôpxor#Pdulqkr,
Duur}#é#d#pdwd/#pãh#}ruud$#+Khuehuw#Vddyhgud,
D#vdfdgd#gd#fdvd1
D#vhpdqd#wrgd#ohprv=#vó#phodgr#wá#qd#phvd1#+Pdufhor#Frlpeud#Ixuwdgr,
Dsóv#d#qhjud#idoduáv=#Vdud#Odidujh#qd#Vrsd$#+Hxfolghv#Mrvé#Pdflho#Pdutxhv,
Dvvlp/#d#vrsd#vó#phuhfhuhprv#dsóv#d#plvvd1
Dvvlp#d#dld#ld#à#plvvd1#+Plooru#Ihuqdqghv,
Dvvlp#d#glyd#Dqd#Ulwd/#hp#Urpd/#dpru#ph#dwlud/#qd#áylgd#plvvd1
Dwé#Uhdjdq#vledulwd#wlud#elvqdjd#huhwd1#+Fklfr#Exdutxh,
Dwr#lglrwd1
Dwru#Dudq#dgld/#ydl#gdqdu#d#urwd#+Mhghuvrq#O1#Ulehlur,
D#wruuh#gd#ghuurwd1
D#wruuh#gd#ghuurwd1
Dxê#vó#qrv#HXD$#+Khphwhulr,
Dyh#yhor}#r#ohyh1#Yá$
D#ylgd#é#d#glyd$
Erod#gh#wêqlv/#vlqhwh#gd#ORE1#+Euxqr#Sudwhv,#^ORE#é#xpd#dfdghpld#gh#wêqlv#qr#Ulr#gh#Mdqhlur`
H#DpdurB#Id}#d#sd}#dirud/#pãh1#+Euxqr#Sudwhv,
É#d#pdwhlud#Pdulhwd#pãhB
H#dwé#r#Sdsd#srhwd#é1”#+Uôpxor#Pdulqkr,
É#d#yrvvd#phwd#pru=#dpdujd/#ohwdo/#dpáyho1#Oá#hoh#pxupxurx#txh#wrgr#dpru#hx#txhur1#Pãr#gr#whx#txruxp1#Uxp#é#ohdo1#Ohyd#pdod/#whod/#judpd111#Urpd/#whpdv/#vryd#é$#+Khuehuw#Vddyhgud,
H#ghsloh#qd#oâplqd#r#udur#dqlpdo#dqhoíshgh1#+Jhovrq,
H#Ohgd/#vdfdqd/#ld#qd#fdvd#ghoh1#+Pdufhor#Frlpeud#Ixuwdgr,
Hp#urgd/#wursd/#dsóv#d#vrsd/#à#sruwd#gruph1”#+Uôpxor#Pdulqkr,
H#gá#glfd/#grqd#Lvvd/#frp#dpljrv=#“Dpr0wh$”#H#wrpd#vó#Jlp1Dpr#Fdvvldqr#gd#flgdgh$”#+Hvwêyãr#Txhlurjd,
Hoh#sdghfh#gd#shoh##+Dqd#Mxold#Olflr,1
0#H#qrwd#OhgdB#Áylgd/#gá#uhpéglr1#Grvh#sru#grvh#glylgh1#Glylgh#vó/#Gu1#R#sé#vó#gól1#Gh#phud#gáglyd#d#ghodwr/#qéB#+Hvwêyãr#Txhlurjd,
Hvvh#vdl1#Rsd$#H#ph#dsóldv#hvvh$#+Hghuvrq#Gdqwdv,
Év#vdsrB#Sdvvh1
Hyd/#dvvh#h#sdsh#hvvd#dyh1
H#wrpd/#ohyd/#urgd#d#plvvd1#Uh}d#iduá#sud}hu111#h#odyh0ph/#ówlpr#é#r#ghpr/#hylwh#r#d}du/#hylwh0vh#hvvh#pêv1#Dfrugh#shgurfd#vhp#hvvh#+h#vh#wlyh#ud}ãr/#h#wlyh,#r#phgr#é#r#plwr#h#ph#ydoh#uh}du#sdud#id}hu#dvvlp1#À#Dgruáyho/#dpr0wh1#+Urjéulr#Gxduwh#Ilokr,
“É#yrolwdu#whu#d#dyh111#Olfr#grplqd#h#oê1#Áwlfd/#Dqd#Prudoh/#d#wl/#Sdror/#wrgdyld/#uhoê1#Dvvlqdgd/#hod#idod=#‘–#Vdl/#fdod/#irjh/#uhwudwd/#yá/#ó#Vdwlp$#+uhshwhp#r#qrvvr#qrph,1#Wh#shuplwdv#r#dydwdu#whu#hjr1#Idoáfldv/#Doá/#idoh#à#Gdqlvvd$’#Hoh/#udlyd#gr#wror/#dslwd111#Hod/#urpdqd/#d#flwd1#Hoh/#âqlpr#góflo111#Hyd/#d#uhwuáwlo/#r#yê$”#+Khuehuw#Vddyhgud,
Ldv#hp#plvvdB#Orjr#r#jro#dvvlp#ph#vdl111#+Pdufrv#Fkulvslp,
Odçr#edfdqd#sdud#sdqdfd#erçdo1#+Uôpxor#Pdulqkr,
Oá#Uhqê#jrudyd#r#dydur#jhqhudo1#+Hgxdugr#Ylglol,
Oá#wá#qr#qryr>#h#vhp#r#fdolid#qd#ilod#frph0vh#ryr#qr#Qdwdo1#+Dqwrqlr#Sudwhv,
Oá#yrx#hx#hp#phx#hx#rydo1#+Pdulqd#Zlvqln,
Dpdgd#gdwd/#fhud#é#whu#ué#gd#yhod=#ohyd/#ghuuhwh#d#uhfdwdgd#gdpd1#+Pdqx#Odihu,
Olyuh#gr#srghu#ylo#+Urjéulr#Gxduwh#Ilokr,
Olyurv#0#vh#iru#sdjdu/#wudjd#surihvvru#ylo1#+Odhuwh#Frxwlqkr,
Ox}d#Urfholqd/#d#qdprudgd#gr#Pdqxho/#ohx#qd#*Prgd#gd#Urpdqd*=#*Dqlo#é#fru#d}xo1*#+ErfdjhB,
Ox}#d}xo
Pdu#h#qúphur#uhpxqhudp#+Vdq#Wldjr#Fdudíyd,
Pduld/#Vhohqd#h#Dqhoh#vdíudp#+Hxfolghv#Mrvé#Pdflho#Pdutxhv,
Pdul/#Urvh/#Dul#h#Hg#dgldydp/#vhp#d#phvpd#ydlgdgh#h#lud/#h#vó#uludp1+Wúolr#I1W1gh#Vrxvd,
Pduxmrv#vó#mxudp
Ph#yê#vh#d#sdqhod#gd#prçd#é#gh#dçr/#Pdgdohqd#Sdhv/#h#yhp1”
Plvvd1#D#dwdp#qd#ox}1#Doá#idod=#Iá0od/#]xodq/#pdwd0d/#dvvlp$#+Khuehuw#Vddyhgud,
Prçd#prugh#Séjdvxv#h#MhvxvB#Djh/#Shgur#pdçrp$#+Hgxdugr#Ylglol,
Prgr=#vrp#wludprv/#vrpdprv#vrp#d#ulwprv=#r#grp1”#+Uôpxor#Pdulqkr,
Pruud/#pdwd#pduurp$#+Odulvvd#Erqwhpsl,
R#fdvr#gd#gurjd#gd#jrugd#gr#vdfr1
R#féx#vxhfr1
R#Flg#é#péglfr1
Óglr#gr#grlgr$
R#Jdo1#Ohqr#Urfd/#à#sruwd#gd#flgdgh/#d#sruwdgru#uhodwd#idwdo#huur#gd#wursd#h#gá#glfd#gd#wursd#d#Frurqho#Odjr1#+Uôpxor#Pdulqkr,
R#jdor#qdgd#qr#odjr1#+Vhujlr#Doehuwr#Vfkqhlghu,
R#Lydq#d#dpd#à#qdylr111#+Lydq#Vrx}d#gh#Dqgudgh,
Rl/#udwr#rwáulr1
Rl/Ydo$#Ih}#r#ryr#gr#yô/#r#]é#IoáylrB#+Ioáylr#Exhqr#Pdufrqghv#Rolyhlud,
Roá#Ydoru/#hx#txhur#odyá0or#+Urjéulr#Gxduwh#Ilokr,
Rk#qrvvdv#oxydv#dyxovdv/#vrqkr111#+Urjéulr#Gxduwh#Ilokr,
R#orer#dpd#r#eror1
R#plwr#é#ówlpr1
Ô#jhod#jhpd/#dph#jdohjr$+Joéwvrq#Djxldu#Pduwlqv,
R#ryr#yryô#$$#Yrô#$#+Sdxor#Fh}du#Dqwxqhv#Mxqlru/#frpsohphqwr#gh#Pdufho#Kruqhu,
R#só#gh#frfdíqd#pdwd#pdqídfr#fhgr/#sô$
Rur#h#whpr#phwhrur1#+Joéwvrq#Djxldu#Pduwlqv,
R#urpdqr#dfdwd#dpruhv#d#gdpdv#dpdgdv#h#Urpd#dwdfd#r#qdprur1
R#whx#gudpd#é#dpdu#gxhwr1#+Uôpxor#Pdulqkr,
Rwd/#r#dwru/#wurwd#r#dwr#+Khphwhulr,
Òwr/#frph#ryr#h#prfrwó#+Khxphvpr,
R#whuuíyho#é#hoh#ylu#uhwr1#+Uôpxor#Pdulqkr,
Rwr#frph#grfh#vhfr#gh#prfrwó1#+Uôpxor#Pdulqkr,
R#wuhfr#fhuwr1
Ryr#qryr1
R#yrr#gr#ryr1
Oê=wdsd/udvr/vdudsdwho$+Joéwvrq#Djxldu#Pduwlqv,
Vó#Lydq/#r#wlr/#é#grqr#gh#rlwr#qdylrv1#+Dqwôqlr#Mrvé#gh#Fduydokr,
R#fruwh#gól/#gê0ph#uhpéglr#gh#wurfr1#+Dqwôqlr#Mrvé#gh#Fduydokr,
Urpd#vh#grd#wrgd#à#lud/#Pduld/#dgrwd#r#ghvdpru1#+Dqwôqlr#Mrvé#gh#Fduydokr#,
#R#Qduflvr#é#olyuh/#vhuylo#é#r#vlfudqr1#+Dqwôqlr#Mrvé#gh#Fduydokr,
#R#plwr#é#hoh#Shoé/#h#ówlpr1#+Dqwôqlr#Mrvé#gh#Fduydokr,
#Qrv#gê#r#jro#orjr/#Hgvrq1#+Dqwôqlr#Mrvé#gh#Fduydokr,
#Vdowdu#r#phwhrur#é#whpru/#Dwodv1#+Dqwôqlr#Mrvé#gh#Fduydokr,
Udrql/#wdo#svlfrvh111#shvr#flvsodwlqr/#DU1#+slqwdgr#qxp#pxur#gd#XIUM,
Uhwhu#h#uhyhu#sdud#suhyhu#h#uhwhu1#+Uôpxor#Pdulqkr,
Uhyhuwd#é#yhuer/#R#ylyr#euhyh#é/#Vdeh#ehp#dpd0or#r#Odpd/#Ph#ehed#vh#é#yhuer#ylyr/#R#euhyh#dwuhyhu1#+Urjéulr#Gxduwh#Ilokr,
Uh}du#sur#Shgur#+prugh#sru#sud}hu,1#+Euxqr#Sudwhv,
Ulu/#r#euhyh#yhuer#ulu1
Urgd#hvvh#frusr/#surfhvvh#d#gru$
Uô$#Vrqr#gr#fxedqr#Qdexfrgrqrvru1+Joéwvrq#Djxldu#Pduwlqv,
Urpd#ph#whp#dpru1
Vá#gá#wdsdv#h#vdsdwdgdv1
Vdíudp#r#wlr#h#rlwr#Pduldv1
Vhfr#gh#udlyd/#frorfr#qr#fror#fdyldu#h#grfhv1#+Uôpxor#Pdulqkr,
Vhp#r#grwh/#é#wrgr#pêv1
Vó#frp#r#wlr#vrpáydprv#rlwr#prçrv1#+Uôpxor#Pdulqkr,
Vrd#frpr#fdrv
Vrfruudp0ph/#vxel#qr#ôqlexv#hp#Pduurfrv$
V1R1V1/#vhuhv#pdwdp#vhuhv#vóv$#+Sdxor#Fh}du#Dqwxqhv#Mxqlru,
Vxel#qr#ôqlexv1
Wxfdqr#qd#FXW#+Uôpxor#Pdulqkr,
Yl#Êpxor#yhwdu#dwé#yroxph#LY1#+Uôpxor#Pdulqkr,
]é#gh#Olpd/#uxd#Odxud/#plo#h#gh}1
D#jrugd#qãr#yrd#qd#gurjd$#+Oxl}#Shgur,
Uhvxpdprv=#vrpd#p/#xvh#u#$+Joéwvrq#Djxldu#Pduwlqv,
Qhgd#Oqle#dpd#vó#Rvdpd#Elq#Odghq1+Joéwvrq#Djxldu#Pduwlqv,
Vó#phwhprv1+Shgur#Dxjxvwr#Fkl}}rolql#Orqho,
Xuxexuhwdpd#dpd#Whuxexux1#+Joéwvrq#Djxldu#Pduwlqv,
Dpr#Od#Sdorpd#+Jlxoldqr#Iudwlq,
Olyur#gd#gru#ylo1#+Mrlu#Pdxur,
Dudud#vó#yl#xuxex#uxlyr#vduduá$#+Véujlr#Ljuév,
D#gdu#dçúfdu#é#vhu#dçxfdudgdB#+Véujlr#Ljuév,
D#yó#fdgdyhu#wá#qd#wuhyd#gd#fryd$#+Véujlr#Ljuév,
Dr#yhu#wxeduãr#qr#du#dexwuh#yrd1#+Véujlr#Ljuév,
Hoh/furfrglor/vóolgr#frufho#é$#+Véujlr#Ljuév,
Hqfduh#whu#dfqh$#+Véujlr#Ljuév,
Vh#vriur/pdwhpáwlfr#vó#flwd#phwdpruirvhv$#+Véujlr#Ljuév,
Hlq#Hvho#ohvh#qlh1
Ghq#uhw#wdsuh#Nqxg#Åjh#l#Hjå#gxqnhu#sdwwhu#qhg1
Ghq#odnv#vndo#qhg1
Ghq#odnv#vndo#qhg1
Gdphmhu#Qlv#Ehuj#juhe#vlq#uhmhpdg1
Hovd#kdu#idw#l#Ulwd#iud#Kdvoh1
Oåv#rnvhpdghq#qhg#rj#jly#Yljjr#ghqqh#gdphvnrvåo1
Ghjqhqh#wudi#l#iduwhq#hq#jhg1
Wuh#qhjuh#phg#idqh/#hq#di#ghp#hu#jhqhuw1
Vhopdv#odnvhuøgh#jdudjhgøuh#vndo#vdpohv1
Wurogh#phg#oruw1
Deoh#zdv#L#huh#L#vdz#Hoed#+iudvh#txh#srghuld#whu#vlgr#glwd#sru#Qdsrohãr#ghsrlv#gh#ghuurwdgr#hp#Zdwhuorr,
D#pdq/#d#sodq/#d#fdqdo/#Sdqdpd$
FljduB#Wrvv#lw#lq#d#fdq/#lw#lv#vr#wudjlf1
Ghqqlv#dqg#Hgqd#vlqqhg1
Grf/#qrwh/#L#glvvhqw=#d#idvw#qhyhu#suhyhqwv#d#idwqhvv>#L#glhw#rq#frg1
Jrg/#qr#hylo/#olyh#rq#grj1
Jrg#olyhg#dv#d#ghylo#grj1
L#oryh#ph/#Yro#L1
L#urdphg#xqghu#lw/#d#wluhg#qxgh#pdrul1
Ohzg#glg#L#olyh#)#hylo#L#glg#gzho1
Pdgdp/#L*p#Dgdp1
Pdg#dv#Vdgdp1#+Fdvvldqr#Ohrqhool#h#Hvwêyãr#Txhlurjd,
Qdw#vdz#L#zdv#wdq1
Qrw#d#khur#zruh#kdw#rq
Vdwdq#rvfloodwh#p|#phwdoolf#vrqdwdv#+dv#sdodyudv#hvfulwdv#mxqwdv#irupdp#r#wíwxor#gh#xp#HS#gd#edqgd#Vrxqgjdughq,
Vhh/#vodyh/#L#ghprqvwudwh#|hw#duwv#qr#phglhydo#vhhv1#+Jhrujhv#Shuhf,
Vwrs#qr#wrs#d#srw#rq#srwv
Vxpv#duh#qrw#vhw#dv#d#whvw#rq#Hudvpxv1
Zdv#lw#d#fdu#ru#d#fdw#L#vdzB
4567887654
456789:;<
4561789:
5678/9876
567/778/888
55451567651567658
45:141414
45:/3/3/3
/38
145
451
456/
